  sortExecutionTime.c
D:\DS\ch08\ch08\sortExecutionTime.c(9,22): error C2485: 'naked': 확장 특성을 인식할 수 없습니다.
D:\DS\ch08\ch08\sortExecutionTime.c(11,2): error C4235: 비표준 확장이 사용됨: 이 아키텍처에서는 '__asm' 키워드를 사용할 수 없습니다.
D:\DS\ch08\ch08\sortExecutionTime.c(13,3): error C2065: 'rdtsc': 선언되지 않은 식별자입니다.
D:\DS\ch08\ch08\sortExecutionTime.c(13,3): error C2146: 구문 오류: ';'이(가) 'ret' 식별자 앞에 없습니다.
D:\DS\ch08\ch08\sortExecutionTime.c(15,2): error C2065: 'ret': 선언되지 않은 식별자입니다.
D:\DS\ch08\ch08\sortExecutionTime.c(15,2): error C2143: 구문 오류: ';'이(가) '}' 앞에 없습니다.
D:\DS\ch08\ch08\sortExecutionTime.c(26,2): error C4235: 비표준 확장이 사용됨: 이 아키텍처에서는 '__asm' 키워드를 사용할 수 없습니다.
D:\DS\ch08\ch08\sortExecutionTime.c(28,3): error C2065: 'rdtsc': 선언되지 않은 식별자입니다.
D:\DS\ch08\ch08\sortExecutionTime.c(28,3): error C2146: 구문 오류: ';'이(가) 'mov' 식별자 앞에 없습니다.
D:\DS\ch08\ch08\sortExecutionTime.c(28,7): error C2065: 'mov': 선언되지 않은 식별자입니다.
D:\DS\ch08\ch08\sortExecutionTime.c(28,7): error C2146: 구문 오류: ';'이(가) 'ebx' 식별자 앞에 없습니다.
D:\DS\ch08\ch08\sortExecutionTime.c(28,10): error C2065: 'ebx': 선언되지 않은 식별자입니다.
D:\DS\ch08\ch08\sortExecutionTime.c(29,3): error C2146: 구문 오류: ';'이(가) 'mov' 식별자 앞에 없습니다.
D:\DS\ch08\ch08\sortExecutionTime.c(29,6): error C2065: 'mov': 선언되지 않은 식별자입니다.
D:\DS\ch08\ch08\sortExecutionTime.c(29,10): error C2065: 'ebx': 선언되지 않은 식별자입니다.
D:\DS\ch08\ch08\sortExecutionTime.c(29,10): error C2109: 첨자는 배열 또는 포인터 형식을 사용해야 합니다.
D:\DS\ch08\ch08\sortExecutionTime.c(30,3): error C2065: 'eax': 선언되지 않은 식별자입니다.
D:\DS\ch08\ch08\sortExecutionTime.c(30,3): error C2146: 구문 오류: ';'이(가) 'mov' 식별자 앞에 없습니다.
D:\DS\ch08\ch08\sortExecutionTime.c(30,7): error C2065: 'mov': 선언되지 않은 식별자입니다.
D:\DS\ch08\ch08\sortExecutionTime.c(30,7): error C2146: 구문 오류: ';'이(가) 'ebx' 식별자 앞에 없습니다.
D:\DS\ch08\ch08\sortExecutionTime.c(30,10): error C2065: 'ebx': 선언되지 않은 식별자입니다.
D:\DS\ch08\ch08\sortExecutionTime.c(31,3): error C2146: 구문 오류: ';'이(가) 'mov' 식별자 앞에 없습니다.
D:\DS\ch08\ch08\sortExecutionTime.c(31,6): error C2065: 'mov': 선언되지 않은 식별자입니다.
D:\DS\ch08\ch08\sortExecutionTime.c(31,10): error C2065: 'ebx': 선언되지 않은 식별자입니다.
D:\DS\ch08\ch08\sortExecutionTime.c(31,10): error C2109: 첨자는 배열 또는 포인터 형식을 사용해야 합니다.
D:\DS\ch08\ch08\sortExecutionTime.c(32,2): error C2065: 'edx': 선언되지 않은 식별자입니다.
D:\DS\ch08\ch08\sortExecutionTime.c(32,2): error C2143: 구문 오류: ';'이(가) '}' 앞에 없습니다.
D:\DS\ch08\ch08\sortExecutionTime.c(39,2): error C4235: 비표준 확장이 사용됨: 이 아키텍처에서는 '__asm' 키워드를 사용할 수 없습니다.
D:\DS\ch08\ch08\sortExecutionTime.c(41,3): error C2065: 'rdtsc': 선언되지 않은 식별자입니다.
D:\DS\ch08\ch08\sortExecutionTime.c(41,3): error C2146: 구문 오류: ';'이(가) 'mov' 식별자 앞에 없습니다.
D:\DS\ch08\ch08\sortExecutionTime.c(41,7): error C2065: 'mov': 선언되지 않은 식별자입니다.
D:\DS\ch08\ch08\sortExecutionTime.c(41,7): error C2146: 구문 오류: ';'이(가) 'ebx' 식별자 앞에 없습니다.
D:\DS\ch08\ch08\sortExecutionTime.c(41,10): error C2065: 'ebx': 선언되지 않은 식별자입니다.
D:\DS\ch08\ch08\sortExecutionTime.c(42,3): error C2146: 구문 오류: ';'이(가) 'mov' 식별자 앞에 없습니다.
D:\DS\ch08\ch08\sortExecutionTime.c(42,6): error C2065: 'mov': 선언되지 않은 식별자입니다.
D:\DS\ch08\ch08\sortExecutionTime.c(42,10): error C2065: 'ebx': 선언되지 않은 식별자입니다.
D:\DS\ch08\ch08\sortExecutionTime.c(42,10): error C2109: 첨자는 배열 또는 포인터 형식을 사용해야 합니다.
D:\DS\ch08\ch08\sortExecutionTime.c(43,3): error C2065: 'eax': 선언되지 않은 식별자입니다.
D:\DS\ch08\ch08\sortExecutionTime.c(43,3): error C2146: 구문 오류: ';'이(가) 'mov' 식별자 앞에 없습니다.
D:\DS\ch08\ch08\sortExecutionTime.c(43,7): error C2065: 'mov': 선언되지 않은 식별자입니다.
D:\DS\ch08\ch08\sortExecutionTime.c(43,7): error C2146: 구문 오류: ';'이(가) 'ebx' 식별자 앞에 없습니다.
D:\DS\ch08\ch08\sortExecutionTime.c(43,10): error C2065: 'ebx': 선언되지 않은 식별자입니다.
D:\DS\ch08\ch08\sortExecutionTime.c(44,3): error C2146: 구문 오류: ';'이(가) 'mov' 식별자 앞에 없습니다.
D:\DS\ch08\ch08\sortExecutionTime.c(44,6): error C2065: 'mov': 선언되지 않은 식별자입니다.
D:\DS\ch08\ch08\sortExecutionTime.c(44,10): error C2065: 'ebx': 선언되지 않은 식별자입니다.
D:\DS\ch08\ch08\sortExecutionTime.c(44,10): error C2109: 첨자는 배열 또는 포인터 형식을 사용해야 합니다.
D:\DS\ch08\ch08\sortExecutionTime.c(45,2): error C2065: 'edx': 선언되지 않은 식별자입니다.
D:\DS\ch08\ch08\sortExecutionTime.c(45,2): error C2143: 구문 오류: ';'이(가) '}' 앞에 없습니다.
